#0 building with "desktop-linux" instance using docker driver

#1 [internal] load build definition from Dockerfile
#1 transferring dockerfile: 625B done
#1 DONE 0.0s

#2 [auth] library/alpine:pull token for registry-1.docker.io
#2 DONE 0.0s

#3 [auth] library/golang:pull token for registry-1.docker.io
#3 DONE 0.0s

#4 [internal] load metadata for docker.io/library/alpine:3.21
#4 DONE 2.1s

#5 [internal] load metadata for docker.io/library/golang:1.23.4-alpine
#5 DONE 2.1s

#6 [internal] load .dockerignore
#6 transferring context: 2B done
#6 DONE 0.0s

#7 [stage-1 1/6] FROM docker.io/library/alpine:3.21@sha256:5405e8f36ce1878720f71217d664aa3dea32e5e5df11acbf07fc78ef5661465b
#7 resolve docker.io/library/alpine:3.21@sha256:5405e8f36ce1878720f71217d664aa3dea32e5e5df11acbf07fc78ef5661465b 0.0s done
#7 DONE 0.0s

#8 [builder 1/5] FROM docker.io/library/golang:1.23.4-alpine@sha256:c23339199a08b0e12032856908589a6d41a0dab141b8b3b21f156fc571a3f1d3
#8 resolve docker.io/library/golang:1.23.4-alpine@sha256:c23339199a08b0e12032856908589a6d41a0dab141b8b3b21f156fc571a3f1d3 0.0s done
#8 DONE 0.0s

#9 [internal] load build context
#9 transferring context: 183.91kB 0.1s done
#9 DONE 0.1s

#10 [builder 2/5] WORKDIR /app
#10 CACHED

#11 [builder 5/5] RUN CGO_ENABLED=0 go build -mod=vendor -o main
#11 CACHED

#12 [stage-1 2/6] RUN sed -i 's/dl-cdn.alpinelinux.org/mirrors.aliyun.com/g' /etc/apk/repositories
#12 CACHED

#13 [stage-1 4/6] WORKDIR /app
#13 CACHED

#14 [stage-1 3/6] RUN apk add --no-cache tzdata
#14 CACHED

#15 [builder 3/5] COPY . .
#15 CACHED

#16 [builder 4/5] RUN go mod vendor
#16 CACHED

#17 [stage-1 5/6] COPY --from=builder /app/main .
#17 CACHED

#18 [stage-1 6/6] COPY --from=builder /app/config/config-docker.yaml /app/config/config.yaml
#18 CACHED

#19 exporting to image
#19 exporting layers done
#19 exporting manifest sha256:f9ca77670762b8f12deae6216f02bcd99d06952d5d8391628ec90b6ee1fd9ff1 done
#19 exporting config sha256:87cdd01c2700144f1a0524441efcf2c9993963629f8903971152fcd6679cd004 done
#19 exporting attestation manifest sha256:3293ce37e795877d65b93ea232e0f9fe038d56daaee2bedd0b0da1eadb9983e6 0.0s done
#19 exporting manifest list sha256:4c2a2410dde029c87e037b701468ed809875111dbf341b4db5445438a9a24c89 done
#19 naming to docker.io/togettoyou/fabric-realty.server:latest done
#19 unpacking to docker.io/togettoyou/fabric-realty.server:latest
#19 unpacking to docker.io/togettoyou/fabric-realty.server:latest 0.2s done
#19 DONE 0.2s

 1 warning found (use docker --debug to expand):
 - LegacyKeyValueFormat: "ENV key=value" should be used instead of legacy "ENV key value" format (line 3)

View build details: docker-desktop://dashboard/build/desktop-linux/desktop-linux/lhsmo1j6d966wrn5cjn4o4922
#0 building with "desktop-linux" instance using docker driver

#1 [internal] load build definition from Dockerfile
#1 transferring dockerfile: 676B done
#1 DONE 0.0s

#2 [auth] library/node:pull token for registry-1.docker.io
#2 DONE 0.0s

#3 [auth] library/nginx:pull token for registry-1.docker.io
#3 DONE 0.0s

#4 [internal] load metadata for docker.io/library/nginx:stable-alpine3.20
#4 DONE 1.8s

#5 [internal] load metadata for docker.io/library/node:18.20.0-alpine
#5 DONE 1.9s

#6 [internal] load .dockerignore
#6 transferring context: 2B done
#6 DONE 0.0s

#7 [stage-1 1/5] FROM docker.io/library/nginx:stable-alpine3.20@sha256:1eadbb07820339e8bbfed18c771691970baee292ec4ab2558f1453d26153e22d
#7 resolve docker.io/library/nginx:stable-alpine3.20@sha256:1eadbb07820339e8bbfed18c771691970baee292ec4ab2558f1453d26153e22d 0.0s done
#7 DONE 0.0s

#8 [internal] load build context
#8 ...

#9 [web 1/7] FROM docker.io/library/node:18.20.0-alpine@sha256:c698ffe060d198dcc6647be78ea1683363f12d5d507dc5ec9855f1c55966ffdd
#9 resolve docker.io/library/node:18.20.0-alpine@sha256:c698ffe060d198dcc6647be78ea1683363f12d5d507dc5ec9855f1c55966ffdd 0.0s done
#9 DONE 0.0s

#8 [internal] load build context
#8 transferring context: 1.82MB 0.6s done
#8 DONE 0.6s

#10 [web 5/7] RUN npm config set registry https://registry.npmmirror.com && npm install
#10 CACHED

#11 [web 7/7] RUN npm run build
#11 CACHED

#12 [stage-1 4/5] COPY --from=web /app/dist /usr/share/nginx/html
#12 CACHED

#13 [stage-1 3/5] RUN apk add --no-cache tzdata
#13 CACHED

#14 [stage-1 2/5] RUN sed -i 's/dl-cdn.alpinelinux.org/mirrors.aliyun.com/g' /etc/apk/repositories
#14 CACHED

#15 [web 3/7] WORKDIR /app
#15 CACHED

#16 [web 4/7] COPY package*.json ./
#16 CACHED

#17 [web 6/7] COPY . .
#17 CACHED

#18 [web 2/7] RUN sed -i 's/dl-cdn.alpinelinux.org/mirrors.aliyun.com/g' /etc/apk/repositories
#18 CACHED

#19 [stage-1 5/5] COPY default.conf /etc/nginx/conf.d/
#19 CACHED

#20 exporting to image
#20 exporting layers done
#20 exporting manifest sha256:a98bba356ad2b9259b60534e2af27d55159c4f1f930c65e9f9331ccf1ccc32a3 done
#20 exporting config sha256:f50a7119e70cdebf85aa6ebb53277c2be65232041e82ad384f30bde909f32be9 done
#20 exporting attestation manifest sha256:9524476f97f5344c8c97387c530ddfbee6e36bdb456b25ffce4152c671314837 0.0s done
#20 exporting manifest list sha256:0b2f9e601362b6982dad3f843bdcfd3a8da85c68284fb749b0adb8230b47a953 done
#20 naming to docker.io/togettoyou/fabric-realty.web:latest done
#20 unpacking to docker.io/togettoyou/fabric-realty.web:latest done
#20 DONE 0.1s

View build details: docker-desktop://dashboard/build/desktop-linux/desktop-linux/9u802x22p6cbr60e3lb04rfq8
a .
a ./.github
a ./.gitignore
a ./.tarignore
a ./application
a ./BUG_FIXES.md
a ./build_and_package.ps1
a ./chaincode
a ./chaincode_implementation_plan.md
a ./CHANGES_SUMMARY.md
a ./commit_fix.sh
a ./deploy_error.logtar.exe: (null)
Warning: Permanently added '192.168.1.41' (ED25519) to the list of known hosts.

C:\WINDOWS\System32\OpenSSH\scp.exe: Connection closed
Warning: Permanently added '192.168.1.41' (ED25519) to the list of known hosts.

