[2025-12-25 17:53:54] EXEC: git rev-parse --abbrev-ref HEAD
[2025-12-25 17:53:54] OK: merge-openapi-feasibility-spike-into-main
[2025-12-25 17:54:01] EXEC: git diff --name-only --diff-filter=U
[2025-12-25 17:54:01] OK: (no output)
[2025-12-25 17:54:01] EXEC: git status --porcelain
[2025-12-25 17:54:01] OK:  M GitCLI.ps1 ?? logs/
[2025-12-25 17:54:09] EXEC: git status --porcelain
[2025-12-25 17:54:09] OK:  M GitCLI.ps1 ?? logs/
[2025-12-25 17:54:17] EXEC: git stash push -m 'Auto stash before operation'
[2025-12-25 17:54:17] OK: Saved working directory and index state On merge-openapi-feasibility-spike-into-main: Auto stash before operation
[2025-12-25 17:54:17] EXEC: git rev-parse --abbrev-ref HEAD
[2025-12-25 17:54:17] OK: merge-openapi-feasibility-spike-into-main
[2025-12-25 17:54:23] EXEC: git push origin HEAD:backup/merge-openapi-feasibility-spike-into-main/20251225-1754
[2025-12-25 17:54:25] OK: remote:  remote: Create a pull request for 'backup/merge-openapi-feasibility-spike-into-main/20251225-1754' on GitHub by visiting:         remote:      https://github.com/bluewatercg/fabric-realty/pull/new/backup/merge-openapi-feasibility-spike-into-main/20251225-1754         remote:  To https://github.com/bluewatercg/fabric-realty.git  * [new branch]      HEAD -> backup/merge-openapi-feasibility-spike-into-main/20251225-1754
[2025-12-25 17:55:20] EXEC: git rev-parse --abbrev-ref HEAD
[2025-12-25 17:55:20] OK: merge-openapi-feasibility-spike-into-main
[2025-12-25 17:55:45] EXEC: git diff --name-only --diff-filter=U
[2025-12-25 17:55:45] OK: (no output)
[2025-12-25 17:55:45] EXEC: git status --porcelain
[2025-12-25 17:55:45] OK:  M GitCLI.ps1 ?? logs/
[2025-12-25 17:55:48] EXEC: git status --porcelain
[2025-12-25 17:55:48] OK:  M GitCLI.ps1 ?? logs/
[2025-12-25 17:55:50] EXEC: git stash push -m 'Auto stash before operation'
[2025-12-25 17:55:50] OK: Saved working directory and index state On merge-openapi-feasibility-spike-into-main: Auto stash before operation
[2025-12-25 17:55:50] EXEC: git rev-parse --abbrev-ref HEAD
[2025-12-25 17:55:50] OK: merge-openapi-feasibility-spike-into-main
[2025-12-25 17:55:52] EXEC: git push origin HEAD:backup/merge-openapi-feasibility-spike-into-main/20251225-1755
[2025-12-25 17:55:54] OK: remote:  remote: Create a pull request for 'backup/merge-openapi-feasibility-spike-into-main/20251225-1755' on GitHub by visiting:         remote:      https://github.com/bluewatercg/fabric-realty/pull/new/backup/merge-openapi-feasibility-spike-into-main/20251225-1755         remote:  To https://github.com/bluewatercg/fabric-realty.git  * [new branch]      HEAD -> backup/merge-openapi-feasibility-spike-into-main/20251225-1755
[2025-12-25 18:07:40] EXEC: git rev-parse --abbrev-ref HEAD
[2025-12-25 18:07:40] OK: merge-openapi-feasibility-spike-into-main
[2025-12-25 18:07:44] EXEC: git rev-parse --abbrev-ref HEAD
[2025-12-25 18:07:44] OK: merge-openapi-feasibility-spike-into-main
[2025-12-25 18:07:48] EXEC: git diff --name-only --diff-filter=U
[2025-12-25 18:07:48] OK: (no output)
[2025-12-25 18:07:48] EXEC: git status --porcelain
[2025-12-25 18:07:48] OK:  M GitCLI.ps1 ?? logs/
[2025-12-25 18:07:50] EXEC: git status --porcelain
[2025-12-25 18:07:50] OK:  M GitCLI.ps1 ?? logs/
[2025-12-25 18:07:53] EXEC: git stash push -m 'Auto stash before operation'
[2025-12-25 18:07:53] OK: Saved working directory and index state On merge-openapi-feasibility-spike-into-main: Auto stash before operation
[2025-12-25 18:07:53] EXEC: git rev-parse --abbrev-ref HEAD
[2025-12-25 18:07:53] OK: merge-openapi-feasibility-spike-into-main
[2025-12-25 18:07:54] EXEC: git push origin HEAD:backup/merge-openapi-feasibility-spike-into-main/20251225-1807
[2025-12-25 18:07:56] OK: remote:  remote: Create a pull request for 'backup/merge-openapi-feasibility-spike-into-main/20251225-1807' on GitHub by visiting:         remote:      https://github.com/bluewatercg/fabric-realty/pull/new/backup/merge-openapi-feasibility-spike-into-main/20251225-1807         remote:  To https://github.com/bluewatercg/fabric-realty.git  * [new branch]      HEAD -> backup/merge-openapi-feasibility-spike-into-main/20251225-1807
[2025-12-25 18:07:56] EXEC: git stash pop
[2025-12-25 18:07:56] OK: On branch merge-openapi-feasibility-spike-into-main Your branch is up to date with 'origin/merge-openapi-feasibility-spike-into-main'.  Changes not staged for commit:   (use "git add <file>..." to update what will be committed)   (use "git restore <file>..." to discard changes in working directory) 	modified:   GitCLI.ps1  Untracked files:   (use "git add <file>..." to include in what will be committed) 	logs/  no changes added to commit (use "git add" and/or "git commit -a") Dropped refs/stash@{0} (9d00e46d4309955caab2e9233d37e6b4336f9127)
[2025-12-25 18:12:53] EXEC: git rev-parse --abbrev-ref HEAD
[2025-12-25 18:12:53] OK: merge-openapi-feasibility-spike-into-main
